<?xml version="1.0" encoding="UTF-8"?>
<testsuite name="TestClassSelenide" tests="1" skipped="0" failures="0" errors="0" timestamp="2019-01-07T21:15:14" hostname="Alexandr-PC" time="36.193">
  <properties/>
  <testcase name="openBrowserTest" classname="TestClassSelenide" time="36.193"/>
  <system-out><![CDATA[]]></system-out>
  <system-err><![CDATA[янв 08, 2019 12:15:14 AM com.codeborne.selenide.drivercommands.LazyDriver getAndCheckWebDriver
INFO: No webdriver is bound to current thread: 12 - let's create a new webdriver
янв 08, 2019 12:15:14 AM java.util.prefs.WindowsPreferences <init>
WARNING: Could not open/create prefs root node Software\JavaSoft\Prefs at root 0x80000002. Windows RegCreateKeyEx(...) returned error code 5.
Starting ChromeDriver 72.0.3626.7 (efcef9a3ecda02b2132af215116a03852d08b9cb) on port 39612
Only local connections are allowed.
янв 08, 2019 12:15:17 AM org.openqa.selenium.remote.ProtocolHandshake createSession
INFO: Detected dialect: OSS
янв 08, 2019 12:15:17 AM com.codeborne.selenide.webdriver.BrowserResizer adjustBrowserSize
INFO: Set browser size to 1366x768
янв 08, 2019 12:15:18 AM com.codeborne.selenide.webdriver.WebDriverFactory logBrowserVersion
INFO: BrowserName=chrome Version=71.0.3578.98 Platform=XP
янв 08, 2019 12:15:18 AM com.codeborne.selenide.webdriver.WebDriverFactory createWebDriver
INFO: Selenide v. 5.1.0
янв 08, 2019 12:15:18 AM com.codeborne.selenide.webdriver.WebDriverFactory logSeleniumInfo
INFO: Selenium WebDriver v. 3.141.59 build time: 2018-11-14T08:17:03
янв 08, 2019 12:15:18 AM com.codeborne.selenide.drivercommands.CreateDriverCommand createDriver
INFO: Create webdriver in current thread 12: ChromeDriver -> ChromeDriver: chrome on XP (6eda40f52c7a26b98d4cd5c827fab816)
]]></system-err>
</testsuite>
