<?xml version="1.0" encoding="UTF-8"?>
<testsuite name="TestClassSelenium" tests="1" skipped="0" failures="0" errors="0" timestamp="2019-01-07T21:15:50" hostname="Alexandr-PC" time="0.458">
  <properties/>
  <testcase name="openDriverTest" classname="TestClassSelenium" time="0.458"/>
  <system-out><![CDATA[]]></system-out>
  <system-err><![CDATA[]]></system-err>
</testsuite>
